Work directory is: /afs/cern.ch/work/e/egraveri/public/SHiP/HNL-Sensitivity-batch/sandbox
Scanning model 1...
Loaded 11391 previous data points.
Scanning number of events on 27089 phase-space points
Point 0 of 27089: 	 log10(mass) -0.99 	 log10(U2) -7.0 		 Events: 0.022
Point 250 of 27089: 	 log10(mass) -0.98 	 log10(U2) -6.0 		 Events: 1.5
Point 500 of 27089: 	 log10(mass) -0.96 	 log10(U2) -5.1 		 Events: 77.0
Point 750 of 27089: 	 log10(mass) -0.94 	 log10(U2) -4.3 		 Events: 4300.0
Point 1000 of 27089: 	 log10(mass) -0.92 	 log10(U2) -6.4 		 Events: 1.2
Point 1250 of 27089: 	 log10(mass) -0.9 	 log10(U2) -5.8 		 Events: 35.0
Point 1500 of 27089: 	 log10(mass) -0.88 	 log10(U2) -5.1 		 Events: 810.0
Point 1750 of 27089: 	 log10(mass) -0.87 	 log10(U2) -4.5 		 Events: 13000.0
Point 2000 of 27089: 	 log10(mass) -0.84 	 log10(U2) -6.9 		 Events: 0.15
Point 2250 of 27089: 	 log10(mass) -0.83 	 log10(U2) -6.5 		 Events: 2.3
Point 2500 of 27089: 	 log10(mass) -0.81 	 log10(U2) -6.1 		 Events: 10.0
Point 2750 of 27089: 	 log10(mass) -0.79 	 log10(U2) -5.7 		 Events: 290.0
Point 3000 of 27089: 	 log10(mass) -0.78 	 log10(U2) -5.4 		 Events: 3000.0
Point 3250 of 27089: 	 log10(mass) -0.76 	 log10(U2) -5.1 		 Events: 8000.0
Point 3500 of 27089: 	 log10(mass) -0.74 	 log10(U2) -5.0 		 Events: 48000.0
Point 3750 of 27089: 	 log10(mass) -0.72 	 log10(U2) -4.8 		 Events: 160000.0
Point 4000 of 27089: 	 log10(mass) -0.71 	 log10(U2) -4.8 		 Events: 600000.0
Point 4250 of 27089: 	 log10(mass) -0.69 	 log10(U2) -4.7 		 Events: 910000.0
Point 4500 of 27089: 	 log10(mass) -0.67 	 log10(U2) -4.7 		 Events: 910000.0
Point 4750 of 27089: 	 log10(mass) -0.65 	 log10(U2) -4.8 		 Events: 600000.0
Point 5000 of 27089: 	 log10(mass) -0.64 	 log10(U2) -4.9 		 Events: 490000.0
Point 5250 of 27089: 	 log10(mass) -0.62 	 log10(U2) -5.1 		 Events: 320000.0
Point 5500 of 27089: 	 log10(mass) -0.6 	 log10(U2) -5.3 		 Events: 160000.0
Point 5750 of 27089: 	 log10(mass) -0.59 	 log10(U2) -5.6 		 Events: 65000.0
Point 6000 of 27089: 	 log10(mass) -0.57 	 log10(U2) -6.0 		 Events: 12000.0
Point 6250 of 27089: 	 log10(mass) -0.55 	 log10(U2) -6.4 		 Events: 3300.0
Point 6500 of 27089: 	 log10(mass) -0.53 	 log10(U2) -6.9 		 Events: 400.0
Point 6750 of 27089: 	 log10(mass) -0.52 	 log10(U2) -7.4 		 Events: 64.0
Point 7000 of 27089: 	 log10(mass) -0.5 	 log10(U2) -8.0 		 Events: 6.0
Point 7250 of 27089: 	 log10(mass) -0.49 	 log10(U2) -5.2 		 Events: 3700000.0
Point 7500 of 27089: 	 log10(mass) -0.47 	 log10(U2) -5.9 		 Events: 100000.0
Point 7750 of 27089: 	 log10(mass) -0.45 	 log10(U2) -6.6 		 Events: 6900.0
Point 8000 of 27089: 	 log10(mass) -0.44 	 log10(U2) -7.4 		 Events: 260.0
Point 8250 of 27089: 	 log10(mass) -0.42 	 log10(U2) -8.2 		 Events: 4.1
Point 8500 of 27089: 	 log10(mass) -0.41 	 log10(U2) -5.6 		 Events: 1300000.0
Point 8750 of 27089: 	 log10(mass) -0.39 	 log10(U2) -6.6 		 Events: 24000.0
Point 9000 of 27089: 	 log10(mass) -0.37 	 log10(U2) -7.5 		 Events: 340.0
Point 9250 of 27089: 	 log10(mass) -0.35 	 log10(U2) -8.5 		 Events: 6.1
Point 9500 of 27089: 	 log10(mass) -0.34 	 log10(U2) -6.1 		 Events: 400000.0
Point 9750 of 27089: 	 log10(mass) -0.33 	 log10(U2) -7.2 		 Events: 4000.0
Point 10000 of 27089: 	 log10(mass) -0.31 	 log10(U2) -8.4 		 Events: 18.0
Point 10250 of 27089: 	 log10(mass) -0.3 	 log10(U2) -6.0 		 Events: 880000.0
Point 10500 of 27089: 	 log10(mass) -0.28 	 log10(U2) -7.3 		 Events: 5000.0
Point 10750 of 27089: 	 log10(mass) -0.26 	 log10(U2) -8.6 		 Events: 12.0
Point 11000 of 27089: 	 log10(mass) -0.25 	 log10(U2) -6.3 		 Events: 500000.0
Point 11250 of 27089: 	 log10(mass) -0.23 	 log10(U2) -7.8 		 Events: 830.0
Point 11500 of 27089: 	 log10(mass) -0.22 	 log10(U2) -5.5 		 Events: 28000000.0
Point 11750 of 27089: 	 log10(mass) -0.2 	 log10(U2) -7.1 		 Events: 27000.0
Point 12000 of 27089: 	 log10(mass) -0.19 	 log10(U2) -8.6 		 Events: 25.0
Point 12250 of 27089: 	 log10(mass) -0.18 	 log10(U2) -6.5 		 Events: 590000.0
Point 12500 of 27089: 	 log10(mass) -0.16 	 log10(U2) -8.2 		 Events: 250.0
Point 12750 of 27089: 	 log10(mass) -0.15 	 log10(U2) -6.1 		 Events: 3500000.0
Point 13000 of 27089: 	 log10(mass) -0.13 	 log10(U2) -7.9 		 Events: 1200.0
Point 13250 of 27089: 	 log10(mass) -0.12 	 log10(U2) -6.0 		 Events: 16000000.0
Point 13500 of 27089: 	 log10(mass) -0.1 	 log10(U2) -7.8 		 Events: 3600.0
Point 13750 of 27089: 	 log10(mass) -0.09 	 log10(U2) -5.8 		 Events: 34000000.0
Point 14000 of 27089: 	 log10(mass) -0.072 	 log10(U2) -7.8 		 Events: 4300.0
Point 14250 of 27089: 	 log10(mass) -0.061 	 log10(U2) -5.9 		 Events: 37000000.0
Point 14500 of 27089: 	 log10(mass) -0.044 	 log10(U2) -7.9 		 Events: 3300.0
Point 14750 of 27089: 	 log10(mass) -0.032 	 log10(U2) -6.1 		 Events: 34000000.0
Point 15000 of 27089: 	 log10(mass) -0.015 	 log10(U2) -8.2 		 Events: 2400.0
Point 15250 of 27089: 	 log10(mass) -0.0034 	 log10(U2) -6.4 		 Events: 7800000.0
Point 15500 of 27089: 	 log10(mass) 0.014 	 log10(U2) -8.7 		 Events: 380.0
Point 15750 of 27089: 	 log10(mass) 0.025 	 log10(U2) -7.0 		 Events: 39000000.0
Point 16000 of 27089: 	 log10(mass) 0.043 	 log10(U2) -9.3 		 Events: 1100.0
Point 16250 of 27089: 	 log10(mass) 0.054 	 log10(U2) -7.6 		 Events: 1900000.0
Point 16500 of 27089: 	 log10(mass) 0.066 	 log10(U2) -6.0 		 Events: 2000000000.0
Point 16750 of 27089: 	 log10(mass) 0.083 	 log10(U2) -8.5 		 Events: 48000.0
Point 17000 of 27089: 	 log10(mass) 0.095 	 log10(U2) -6.9 		 Events: 54000000.0
Point 17250 of 27089: 	 log10(mass) 0.11 	 log10(U2) -9.5 		 Events: 2000.0
Point 17500 of 27089: 	 log10(mass) 0.12 	 log10(U2) -8.0 		 Events: 1800000.0
Point 17750 of 27089: 	 log10(mass) 0.13 	 log10(U2) -6.6 		 Events: 1000000000.0
Point 18000 of 27089: 	 log10(mass) 0.15 	 log10(U2) -9.2 		 Events: 10000.0
Point 18250 of 27089: 	 log10(mass) 0.16 	 log10(U2) -7.8 		 Events: 9200.0
Point 18500 of 27089: 	 log10(mass) 0.18 	 log10(U2) -6.5 		 Events: 5100000.0
Point 18750 of 27089: 	 log10(mass) 0.19 	 log10(U2) -9.1 		 Events: 51.0
Point 19000 of 27089: 	 log10(mass) 0.2 	 log10(U2) -7.5 		 Events: 47000.0
Point 19250 of 27089: 	 log10(mass) 0.22 	 log10(U2) -5.9 		 Events: 70000000.0
Point 19500 of 27089: 	 log10(mass) 0.23 	 log10(U2) -8.2 		 Events: 2000.0
Point 19750 of 27089: 	 log10(mass) 0.24 	 log10(U2) -6.5 		 Events: 5500000.0
Point 20000 of 27089: 	 log10(mass) 0.26 	 log10(U2) -8.6 		 Events: 270.0
Point 20250 of 27089: 	 log10(mass) 0.27 	 log10(U2) -6.8 		 Events: 1600000.0
Point 20500 of 27089: 	 log10(mass) 0.29 	 log10(U2) -8.7 		 Events: 40.0
Point 20750 of 27089: 	 log10(mass) 0.3 	 log10(U2) -6.8 		 Events: 260000.0
Point 21000 of 27089: 	 log10(mass) 0.32 	 log10(U2) -8.6 		 Events: 0.025
Point 21250 of 27089: 	 log10(mass) 0.33 	 log10(U2) -6.5 		 Events: 380.0
Point 21500 of 27089: 	 log10(mass) 0.35 	 log10(U2) -8.1 		 Events: 0.24
Point 21750 of 27089: 	 log10(mass) 0.36 	 log10(U2) -6.0 		 Events: 3700.0
Point 22000 of 27089: 	 log10(mass) 0.38 	 log10(U2) -7.4 		 Events: 6.5
Point 22250 of 27089: 	 log10(mass) 0.39 	 log10(U2) -8.7 		 Events: 0.015
Point 22500 of 27089: 	 log10(mass) 0.41 	 log10(U2) -6.3 		 Events: 880.0
Point 22750 of 27089: 	 log10(mass) 0.42 	 log10(U2) -7.4 		 Events: 7.0
Point 23000 of 27089: 	 log10(mass) 0.44 	 log10(U2) -8.3 		 Events: 0.069
Point 23250 of 27089: 	 log10(mass) 0.45 	 log10(U2) -5.7 		 Events: 1800.0
Point 23500 of 27089: 	 log10(mass) 0.47 	 log10(U2) -6.5 		 Events: 230.0
Point 23750 of 27089: 	 log10(mass) 0.49 	 log10(U2) -7.1 		 Events: 10.0
Point 24000 of 27089: 	 log10(mass) 0.5 	 log10(U2) -7.8 		 Events: 0.8
Point 24250 of 27089: 	 log10(mass) 0.52 	 log10(U2) -5.0 		 Events: 0.54
Point 24500 of 27089: 	 log10(mass) 0.53 	 log10(U2) -5.4 		 Events: 12.0
Point 24750 of 27089: 	 log10(mass) 0.55 	 log10(U2) -5.7 		 Events: 23.0
Point 25000 of 27089: 	 log10(mass) 0.57 	 log10(U2) -5.9 		 Events: 30.0
Point 25250 of 27089: 	 log10(mass) 0.58 	 log10(U2) -6.0 		 Events: 26.0
Point 25500 of 27089: 	 log10(mass) 0.6 	 log10(U2) -6.0 		 Events: 6.8
Point 25750 of 27089: 	 log10(mass) 0.62 	 log10(U2) -5.8 		 Events: 0.62
Point 26000 of 27089: 	 log10(mass) 0.64 	 log10(U2) -5.5 		 Events: 0.0025
Point 26250 of 27089: 	 log10(mass) 0.65 	 log10(U2) -5.1 		 Events: 1.4e-12
Point 26500 of 27089: 	 log10(mass) 0.67 	 log10(U2) -4.4 		 Events: 0.0
Point 26750 of 27089: 	 log10(mass) 0.69 	 log10(U2) -6.1 		 Events: 0.00027
Point 27000 of 27089: 	 log10(mass) 0.71 	 log10(U2) -4.7 		 Events: 0.0
