Work directory is: /afs/cern.ch/work/e/egraveri/public/SHiP/HNL-Sensitivity-batch/sandbox
Scanning model 3...
Loaded 13256 previous data points.
Scanning number of events on 149854 phase-space points
Point 0 of 149854: 	 log10(mass) -1.0 	 log10(U2) -7.0 		 Events: 4.1e-05
Point 250 of 149854: 	 log10(mass) -1.0 	 log10(U2) -5.8 		 Events: 0.0063
Point 500 of 149854: 	 log10(mass) -0.99 	 log10(U2) -4.7 		 Events: 1.7
Point 750 of 149854: 	 log10(mass) -0.99 	 log10(U2) -6.4 		 Events: 0.00055
Point 1000 of 149854: 	 log10(mass) -0.99 	 log10(U2) -5.3 		 Events: 0.12
Point 1250 of 149854: 	 log10(mass) -0.98 	 log10(U2) -7.0 		 Events: 4.1e-05
Point 1500 of 149854: 	 log10(mass) -0.98 	 log10(U2) -5.9 		 Events: 0.0059
Point 1750 of 149854: 	 log10(mass) -0.98 	 log10(U2) -4.8 		 Events: 1.4
Point 2000 of 149854: 	 log10(mass) -0.97 	 log10(U2) -6.5 		 Events: 0.00048
Point 2250 of 149854: 	 log10(mass) -0.97 	 log10(U2) -5.4 		 Events: 0.076
Point 2500 of 149854: 	 log10(mass) -0.97 	 log10(U2) -4.3 		 Events: 12.0
Point 2750 of 149854: 	 log10(mass) -0.96 	 log10(U2) -6.1 		 Events: 0.003
Point 3000 of 149854: 	 log10(mass) -0.96 	 log10(U2) -4.9 		 Events: 0.61
Point 3250 of 149854: 	 log10(mass) -0.95 	 log10(U2) -6.7 		 Events: 0.00014
Point 3500 of 149854: 	 log10(mass) -0.95 	 log10(U2) -5.6 		 Events: 0.02
Point 3750 of 149854: 	 log10(mass) -0.95 	 log10(U2) -4.5 		 Events: 2.8
Point 4000 of 149854: 	 log10(mass) -0.95 	 log10(U2) -6.3 		 Events: 0.00079
Point 4250 of 149854: 	 log10(mass) -0.94 	 log10(U2) -5.3 		 Events: 0.12
Point 4500 of 149854: 	 log10(mass) -0.94 	 log10(U2) -7.1 		 Events: 0.0031
Point 4750 of 149854: 	 log10(mass) -0.94 	 log10(U2) -6.0 		 Events: 0.36
Point 5000 of 149854: 	 log10(mass) -0.93 	 log10(U2) -4.9 		 Events: 40.0
Point 5250 of 149854: 	 log10(mass) -0.93 	 log10(U2) -6.8 		 Events: 0.0085
Point 5500 of 149854: 	 log10(mass) -0.93 	 log10(U2) -5.7 		 Events: 1.1
Point 5750 of 149854: 	 log10(mass) -0.92 	 log10(U2) -4.6 		 Events: 190.0
Point 6000 of 149854: 	 log10(mass) -0.92 	 log10(U2) -6.5 		 Events: 0.033
Point 6250 of 149854: 	 log10(mass) -0.92 	 log10(U2) -5.4 		 Events: 4.3
Point 6500 of 149854: 	 log10(mass) -0.91 	 log10(U2) -7.4 		 Events: 0.00076
Point 6750 of 149854: 	 log10(mass) -0.91 	 log10(U2) -6.3 		 Events: 0.08
Point 7000 of 149854: 	 log10(mass) -0.91 	 log10(U2) -5.3 		 Events: 10.0
Point 7250 of 149854: 	 log10(mass) -0.9 	 log10(U2) -7.2 		 Events: 0.0018
Point 7500 of 149854: 	 log10(mass) -0.9 	 log10(U2) -6.1 		 Events: 0.15
Point 7750 of 149854: 	 log10(mass) -0.9 	 log10(U2) -5.1 		 Events: 21.0
Point 8000 of 149854: 	 log10(mass) -0.89 	 log10(U2) -7.0 		 Events: 0.0033
Point 8250 of 149854: 	 log10(mass) -0.89 	 log10(U2) -6.0 		 Events: 0.23
Point 8500 of 149854: 	 log10(mass) -0.89 	 log10(U2) -4.9 		 Events: 36.0
Point 8750 of 149854: 	 log10(mass) -0.88 	 log10(U2) -6.9 		 Events: 0.0052
Point 9000 of 149854: 	 log10(mass) -0.88 	 log10(U2) -5.9 		 Events: 0.4
Point 9250 of 149854: 	 log10(mass) -0.88 	 log10(U2) -4.9 		 Events: 52.0
Point 9500 of 149854: 	 log10(mass) -0.87 	 log10(U2) -6.8 		 Events: 0.0064
Point 9750 of 149854: 	 log10(mass) -0.87 	 log10(U2) -5.8 		 Events: 0.61
Point 10000 of 149854: 	 log10(mass) -0.87 	 log10(U2) -4.8 		 Events: 56.0
Point 10250 of 149854: 	 log10(mass) -0.86 	 log10(U2) -6.8 		 Events: 0.0059
Point 10500 of 149854: 	 log10(mass) -0.86 	 log10(U2) -5.8 		 Events: 0.55
Point 10750 of 149854: 	 log10(mass) -0.86 	 log10(U2) -4.8 		 Events: 56.0
Point 11000 of 149854: 	 log10(mass) -0.85 	 log10(U2) -6.8 		 Events: 0.0048
Point 11250 of 149854: 	 log10(mass) -0.85 	 log10(U2) -5.8 		 Events: 0.49
Point 11500 of 149854: 	 log10(mass) -0.85 	 log10(U2) -4.8 		 Events: 56.0
Point 11750 of 149854: 	 log10(mass) -0.85 	 log10(U2) -6.9 		 Events: 0.0044
Point 12000 of 149854: 	 log10(mass) -0.84 	 log10(U2) -5.9 		 Events: 0.28
Point 12250 of 149854: 	 log10(mass) -0.84 	 log10(U2) -4.9 		 Events: 30.0
Point 12500 of 149854: 	 log10(mass) -0.84 	 log10(U2) -7.0 		 Events: 0.0024
Point 12750 of 149854: 	 log10(mass) -0.83 	 log10(U2) -6.1 		 Events: 0.15
Point 13000 of 149854: 	 log10(mass) -0.83 	 log10(U2) -5.1 		 Events: 17.0
Point 13250 of 149854: 	 log10(mass) -0.83 	 log10(U2) -7.2 		 Events: 0.0012
Point 13500 of 149854: 	 log10(mass) -0.82 	 log10(U2) -6.2 		 Events: 0.07
Point 13750 of 149854: 	 log10(mass) -0.82 	 log10(U2) -5.3 		 Events: 6.7
Point 14000 of 149854: 	 log10(mass) -0.82 	 log10(U2) -7.4 		 Events: 0.00053
Point 14250 of 149854: 	 log10(mass) -0.81 	 log10(U2) -6.4 		 Events: 0.027
Point 14500 of 149854: 	 log10(mass) -0.81 	 log10(U2) -5.5 		 Events: 2.2
Point 14750 of 149854: 	 log10(mass) -0.81 	 log10(U2) -7.6 		 Events: 0.0002
Point 15000 of 149854: 	 log10(mass) -0.8 	 log10(U2) -6.7 		 Events: 0.016
Point 15250 of 149854: 	 log10(mass) -0.8 	 log10(U2) -5.7 		 Events: 1.2
Point 15500 of 149854: 	 log10(mass) -0.8 	 log10(U2) -4.8 		 Events: 69.0
Point 15750 of 149854: 	 log10(mass) -0.8 	 log10(U2) -7.0 		 Events: 0.0034
Point 16000 of 149854: 	 log10(mass) -0.79 	 log10(U2) -6.1 		 Events: 0.24
Point 16250 of 149854: 	 log10(mass) -0.79 	 log10(U2) -5.1 		 Events: 18.0
Point 16500 of 149854: 	 log10(mass) -0.79 	 log10(U2) -7.3 		 Events: 0.00078
Point 16750 of 149854: 	 log10(mass) -0.78 	 log10(U2) -6.4 		 Events: 0.051
Point 17000 of 149854: 	 log10(mass) -0.78 	 log10(U2) -5.5 		 Events: 6.5
Point 17250 of 149854: 	 log10(mass) -0.78 	 log10(U2) -7.7 		 Events: 0.0003
Point 17500 of 149854: 	 log10(mass) -0.77 	 log10(U2) -6.8 		 Events: 0.019
Point 17750 of 149854: 	 log10(mass) -0.77 	 log10(U2) -5.9 		 Events: 0.94
Point 18000 of 149854: 	 log10(mass) -0.77 	 log10(U2) -5.0 		 Events: 68.0
Point 18250 of 149854: 	 log10(mass) -0.76 	 log10(U2) -7.2 		 Events: 0.0022
Point 18500 of 149854: 	 log10(mass) -0.76 	 log10(U2) -6.3 		 Events: 0.096
Point 18750 of 149854: 	 log10(mass) -0.76 	 log10(U2) -5.5 		 Events: 9.3
Point 19000 of 149854: 	 log10(mass) -0.75 	 log10(U2) -7.7 		 Events: 0.00051
Point 19250 of 149854: 	 log10(mass) -0.75 	 log10(U2) -6.8 		 Events: 0.023
Point 19500 of 149854: 	 log10(mass) -0.75 	 log10(U2) -6.0 		 Events: 1.8
Point 19750 of 149854: 	 log10(mass) -0.75 	 log10(U2) -5.1 		 Events: 91.0
Point 20000 of 149854: 	 log10(mass) -0.74 	 log10(U2) -7.4 		 Events: 0.0024
Point 20250 of 149854: 	 log10(mass) -0.74 	 log10(U2) -6.5 		 Events: 0.19
Point 20500 of 149854: 	 log10(mass) -0.74 	 log10(U2) -5.6 		 Events: 7.1
Point 20750 of 149854: 	 log10(mass) -0.73 	 log10(U2) -7.9 		 Events: 0.00017
Point 21000 of 149854: 	 log10(mass) -0.73 	 log10(U2) -7.1 		 Events: 0.015
Point 21250 of 149854: 	 log10(mass) -0.73 	 log10(U2) -6.2 		 Events: 0.71
Point 21500 of 149854: 	 log10(mass) -0.73 	 log10(U2) -5.4 		 Events: 38.0
Point 21750 of 149854: 	 log10(mass) -0.72 	 log10(U2) -7.7 		 Events: 0.00092
Point 22000 of 149854: 	 log10(mass) -0.72 	 log10(U2) -6.9 		 Events: 0.039
Point 22250 of 149854: 	 log10(mass) -0.72 	 log10(U2) -6.0 		 Events: 1.6
Point 22500 of 149854: 	 log10(mass) -0.71 	 log10(U2) -5.2 		 Events: 92.0
Point 22750 of 149854: 	 log10(mass) -0.71 	 log10(U2) -7.5 		 Events: 0.003
Point 23000 of 149854: 	 log10(mass) -0.71 	 log10(U2) -6.7 		 Events: 0.1
Point 23250 of 149854: 	 log10(mass) -0.7 	 log10(U2) -5.9 		 Events: 4.8
Point 23500 of 149854: 	 log10(mass) -0.7 	 log10(U2) -5.1 		 Events: 230.0
Point 23750 of 149854: 	 log10(mass) -0.7 	 log10(U2) -7.5 		 Events: 0.0044
Point 24000 of 149854: 	 log10(mass) -0.7 	 log10(U2) -6.7 		 Events: 0.2
Point 24250 of 149854: 	 log10(mass) -0.69 	 log10(U2) -5.8 		 Events: 6.3
Point 24500 of 149854: 	 log10(mass) -0.69 	 log10(U2) -5.0 		 Events: 320.0
Point 24750 of 149854: 	 log10(mass) -0.69 	 log10(U2) -7.4 		 Events: 0.0093
Point 25000 of 149854: 	 log10(mass) -0.68 	 log10(U2) -6.6 		 Events: 0.28
Point 25250 of 149854: 	 log10(mass) -0.68 	 log10(U2) -5.8 		 Events: 9.8
Point 25500 of 149854: 	 log10(mass) -0.68 	 log10(U2) -8.3 		 Events: 0.00026
Point 25750 of 149854: 	 log10(mass) -0.67 	 log10(U2) -7.5 		 Events: 0.0064
Point 26000 of 149854: 	 log10(mass) -0.67 	 log10(U2) -6.7 		 Events: 0.28
Point 26250 of 149854: 	 log10(mass) -0.67 	 log10(U2) -5.9 		 Events: 8.0
Point 26500 of 149854: 	 log10(mass) -0.67 	 log10(U2) -5.1 		 Events: 280.0
Point 26750 of 149854: 	 log10(mass) -0.66 	 log10(U2) -7.6 		 Events: 0.0034
Point 27000 of 149854: 	 log10(mass) -0.66 	 log10(U2) -6.8 		 Events: 0.15
Point 27250 of 149854: 	 log10(mass) -0.66 	 log10(U2) -6.0 		 Events: 4.8
Point 27500 of 149854: 	 log10(mass) -0.65 	 log10(U2) -5.3 		 Events: 200.0
Point 27750 of 149854: 	 log10(mass) -0.65 	 log10(U2) -7.8 		 Events: 0.0019
Point 28000 of 149854: 	 log10(mass) -0.65 	 log10(U2) -7.0 		 Events: 0.067
Point 28250 of 149854: 	 log10(mass) -0.65 	 log10(U2) -6.2 		 Events: 2.5
Point 28500 of 149854: 	 log10(mass) -0.64 	 log10(U2) -5.5 		 Events: 90.0
Point 28750 of 149854: 	 log10(mass) -0.64 	 log10(U2) -8.0 		 Events: 0.00088
Point 29000 of 149854: 	 log10(mass) -0.64 	 log10(U2) -7.3 		 Events: 0.024
Point 29250 of 149854: 	 log10(mass) -0.63 	 log10(U2) -6.5 		 Events: 0.7
Point 29500 of 149854: 	 log10(mass) -0.63 	 log10(U2) -5.8 		 Events: 17.0
Point 29750 of 149854: 	 log10(mass) -0.63 	 log10(U2) -8.3 		 Events: 0.00024
Point 30000 of 149854: 	 log10(mass) -0.62 	 log10(U2) -7.6 		 Events: 0.0078
Point 30250 of 149854: 	 log10(mass) -0.62 	 log10(U2) -6.9 		 Events: 0.22
Point 30500 of 149854: 	 log10(mass) -0.62 	 log10(U2) -6.2 		 Events: 4.8
Point 30750 of 149854: 	 log10(mass) -0.62 	 log10(U2) -5.4 		 Events: 170.0
Point 31000 of 149854: 	 log10(mass) -0.61 	 log10(U2) -8.0 		 Events: 0.0011
Point 31250 of 149854: 	 log10(mass) -0.61 	 log10(U2) -7.3 		 Events: 0.15
Point 31500 of 149854: 	 log10(mass) -0.61 	 log10(U2) -6.6 		 Events: 4.9
Point 31750 of 149854: 	 log10(mass) -0.6 	 log10(U2) -5.9 		 Events: 99.0
Point 32000 of 149854: 	 log10(mass) -0.6 	 log10(U2) -8.5 		 Events: 0.0002
Point 32250 of 149854: 	 log10(mass) -0.6 	 log10(U2) -7.8 		 Events: 0.025
Point 32500 of 149854: 	 log10(mass) -0.6 	 log10(U2) -7.1 		 Events: 0.49
Point 32750 of 149854: 	 log10(mass) -0.59 	 log10(U2) -6.4 		 Events: 12.0
Point 33000 of 149854: 	 log10(mass) -0.59 	 log10(U2) -5.7 		 Events: 350.0
Point 33250 of 149854: 	 log10(mass) -0.59 	 log10(U2) -8.3 		 Events: 0.0012
Point 33500 of 149854: 	 log10(mass) -0.58 	 log10(U2) -7.6 		 Events: 0.028
Point 33750 of 149854: 	 log10(mass) -0.58 	 log10(U2) -6.9 		 Events: 0.87
Point 34000 of 149854: 	 log10(mass) -0.58 	 log10(U2) -6.3 		 Events: 22.0
Point 34250 of 149854: 	 log10(mass) -0.58 	 log10(U2) -5.6 		 Events: 380.0
Point 34500 of 149854: 	 log10(mass) -0.57 	 log10(U2) -8.2 		 Events: 0.0015
Point 34750 of 149854: 	 log10(mass) -0.57 	 log10(U2) -7.6 		 Events: 0.037
Point 35000 of 149854: 	 log10(mass) -0.57 	 log10(U2) -6.9 		 Events: 0.87
Point 35250 of 149854: 	 log10(mass) -0.56 	 log10(U2) -6.2 		 Events: 22.0
Point 35500 of 149854: 	 log10(mass) -0.56 	 log10(U2) -5.6 		 Events: 380.0
Point 35750 of 149854: 	 log10(mass) -0.56 	 log10(U2) -8.3 		 Events: 0.0026
Point 36000 of 149854: 	 log10(mass) -0.56 	 log10(U2) -7.6 		 Events: 0.061
Point 36250 of 149854: 	 log10(mass) -0.55 	 log10(U2) -7.0 		 Events: 1.2
Point 36500 of 149854: 	 log10(mass) -0.55 	 log10(U2) -6.3 		 Events: 21.0
Point 36750 of 149854: 	 log10(mass) -0.55 	 log10(U2) -5.7 		 Events: 400.0
Point 37000 of 149854: 	 log10(mass) -0.54 	 log10(U2) -8.4 		 Events: 0.0025
Point 37250 of 149854: 	 log10(mass) -0.54 	 log10(U2) -7.8 		 Events: 0.046
Point 37500 of 149854: 	 log10(mass) -0.54 	 log10(U2) -7.2 		 Events: 1.0
Point 37750 of 149854: 	 log10(mass) -0.54 	 log10(U2) -6.5 		 Events: 19.0
Point 38000 of 149854: 	 log10(mass) -0.53 	 log10(U2) -5.9 		 Events: 350.0
Point 38250 of 149854: 	 log10(mass) -0.53 	 log10(U2) -8.6 		 Events: 0.0013
Point 38500 of 149854: 	 log10(mass) -0.53 	 log10(U2) -8.0 		 Events: 0.02
Point 38750 of 149854: 	 log10(mass) -0.52 	 log10(U2) -7.4 		 Events: 0.34
Point 39000 of 149854: 	 log10(mass) -0.52 	 log10(U2) -6.8 		 Events: 6.6
Point 39250 of 149854: 	 log10(mass) -0.52 	 log10(U2) -6.2 		 Events: 99.0
Point 39500 of 149854: 	 log10(mass) -0.52 	 log10(U2) -5.6 		 Events: 1700.0
Point 39750 of 149854: 	 log10(mass) -0.51 	 log10(U2) -8.4 		 Events: 0.0056
Point 40000 of 149854: 	 log10(mass) -0.51 	 log10(U2) -7.8 		 Events: 0.07
Point 40250 of 149854: 	 log10(mass) -0.51 	 log10(U2) -7.2 		 Events: 1.8
Point 40500 of 149854: 	 log10(mass) -0.51 	 log10(U2) -6.6 		 Events: 21.0
Point 40750 of 149854: 	 log10(mass) -0.5 	 log10(U2) -6.0 		 Events: 260.0
Point 41000 of 149854: 	 log10(mass) -0.5 	 log10(U2) -8.8 		 Events: 0.0011
Point 41250 of 149854: 	 log10(mass) -0.5 	 log10(U2) -8.2 		 Events: 0.015
Point 41500 of 149854: 	 log10(mass) -0.49 	 log10(U2) -7.7 		 Events: 0.16
Point 41750 of 149854: 	 log10(mass) -0.49 	 log10(U2) -7.1 		 Events: 2.4
Point 42000 of 149854: 	 log10(mass) -0.49 	 log10(U2) -6.5 		 Events: 39.0
Point 42250 of 149854: 	 log10(mass) -0.49 	 log10(U2) -5.9 		 Events: 800.0
Point 42500 of 149854: 	 log10(mass) -0.48 	 log10(U2) -8.8 		 Events: 0.0012
Point 42750 of 149854: 	 log10(mass) -0.48 	 log10(U2) -8.2 		 Events: 0.017
Point 43000 of 149854: 	 log10(mass) -0.48 	 log10(U2) -7.7 		 Events: 0.24
Point 43250 of 149854: 	 log10(mass) -0.47 	 log10(U2) -7.1 		 Events: 3.2
Point 43500 of 149854: 	 log10(mass) -0.47 	 log10(U2) -6.5 		 Events: 55.0
Point 43750 of 149854: 	 log10(mass) -0.47 	 log10(U2) -6.0 		 Events: 800.0
Point 44000 of 149854: 	 log10(mass) -0.46 	 log10(U2) -8.9 		 Events: 0.00088
Point 44250 of 149854: 	 log10(mass) -0.46 	 log10(U2) -8.3 		 Events: 0.011
Point 44500 of 149854: 	 log10(mass) -0.46 	 log10(U2) -7.8 		 Events: 0.15
Point 44750 of 149854: 	 log10(mass) -0.46 	 log10(U2) -7.2 		 Events: 2.1
Point 45000 of 149854: 	 log10(mass) -0.46 	 log10(U2) -6.7 		 Events: 30.0
Point 45250 of 149854: 	 log10(mass) -0.45 	 log10(U2) -6.2 		 Events: 290.0
Point 45500 of 149854: 	 log10(mass) -0.45 	 log10(U2) -9.1 		 Events: 0.00064
Point 45750 of 149854: 	 log10(mass) -0.45 	 log10(U2) -8.6 		 Events: 0.005
Point 46000 of 149854: 	 log10(mass) -0.44 	 log10(U2) -8.1 		 Events: 0.063
Point 46250 of 149854: 	 log10(mass) -0.44 	 log10(U2) -7.5 		 Events: 0.69
Point 46500 of 149854: 	 log10(mass) -0.44 	 log10(U2) -7.0 		 Events: 7.5
Point 46750 of 149854: 	 log10(mass) -0.44 	 log10(U2) -6.5 		 Events: 96.0
Point 47000 of 149854: 	 log10(mass) -0.43 	 log10(U2) -6.0 		 Events: 970.0
Point 47250 of 149854: 	 log10(mass) -0.43 	 log10(U2) -9.0 		 Events: 0.0011
Point 47500 of 149854: 	 log10(mass) -0.43 	 log10(U2) -8.5 		 Events: 0.01
Point 47750 of 149854: 	 log10(mass) -0.42 	 log10(U2) -8.0 		 Events: 0.14
Point 48000 of 149854: 	 log10(mass) -0.42 	 log10(U2) -7.5 		 Events: 1.2
Point 48250 of 149854: 	 log10(mass) -0.42 	 log10(U2) -7.0 		 Events: 16.0
Point 48500 of 149854: 	 log10(mass) -0.42 	 log10(U2) -6.5 		 Events: 150.0
Point 48750 of 149854: 	 log10(mass) -0.41 	 log10(U2) -6.0 		 Events: 1000.0
Point 49000 of 149854: 	 log10(mass) -0.41 	 log10(U2) -9.0 		 Events: 0.0011
Point 49250 of 149854: 	 log10(mass) -0.41 	 log10(U2) -8.5 		 Events: 0.013
Point 49500 of 149854: 	 log10(mass) -0.41 	 log10(U2) -8.0 		 Events: 0.087
Point 49750 of 149854: 	 log10(mass) -0.4 	 log10(U2) -7.6 		 Events: 1.3
Point 50000 of 149854: 	 log10(mass) -0.4 	 log10(U2) -7.1 		 Events: 10.0
Point 50250 of 149854: 	 log10(mass) -0.4 	 log10(U2) -6.6 		 Events: 81.0
Point 50500 of 149854: 	 log10(mass) -0.4 	 log10(U2) -6.1 		 Events: 770.0
Point 50750 of 149854: 	 log10(mass) -0.39 	 log10(U2) -9.2 		 Events: 0.0006
Point 51000 of 149854: 	 log10(mass) -0.39 	 log10(U2) -8.7 		 Events: 0.0069
Point 51250 of 149854: 	 log10(mass) -0.39 	 log10(U2) -8.3 		 Events: 0.045
Point 51500 of 149854: 	 log10(mass) -0.38 	 log10(U2) -7.8 		 Events: 0.39
Point 51750 of 149854: 	 log10(mass) -0.38 	 log10(U2) -7.4 		 Events: 3.9
Point 52000 of 149854: 	 log10(mass) -0.38 	 log10(U2) -6.9 		 Events: 39.0
Point 52250 of 149854: 	 log10(mass) -0.38 	 log10(U2) -6.5 		 Events: 260.0
Point 52500 of 149854: 	 log10(mass) -0.37 	 log10(U2) -6.0 		 Events: 1800.0
Point 52750 of 149854: 	 log10(mass) -0.37 	 log10(U2) -9.1 		 Events: 0.0011
Point 53000 of 149854: 	 log10(mass) -0.37 	 log10(U2) -8.7 		 Events: 0.01
Point 53250 of 149854: 	 log10(mass) -0.36 	 log10(U2) -8.2 		 Events: 0.057
Point 53500 of 149854: 	 log10(mass) -0.36 	 log10(U2) -7.8 		 Events: 0.5
Point 53750 of 149854: 	 log10(mass) -0.36 	 log10(U2) -7.4 		 Events: 3.5
Point 54000 of 149854: 	 log10(mass) -0.36 	 log10(U2) -7.0 		 Events: 36.0
Point 54250 of 149854: 	 log10(mass) -0.36 	 log10(U2) -6.5 		 Events: 250.0
Point 54500 of 149854: 	 log10(mass) -0.35 	 log10(U2) -6.1 		 Events: 1300.0
Point 54750 of 149854: 	 log10(mass) -0.35 	 log10(U2) -9.3 		 Events: 0.00072
Point 55000 of 149854: 	 log10(mass) -0.35 	 log10(U2) -8.9 		 Events: 0.0056
Point 55250 of 149854: 	 log10(mass) -0.34 	 log10(U2) -8.5 		 Events: 0.031
Point 55500 of 149854: 	 log10(mass) -0.34 	 log10(U2) -8.1 		 Events: 0.21
Point 55750 of 149854: 	 log10(mass) -0.34 	 log10(U2) -7.6 		 Events: 1.5
Point 56000 of 149854: 	 log10(mass) -0.34 	 log10(U2) -7.2 		 Events: 7.9
Point 56250 of 149854: 	 log10(mass) -0.33 	 log10(U2) -6.8 		 Events: 59.0
Point 56500 of 149854: 	 log10(mass) -0.33 	 log10(U2) -6.4 		 Events: 360.0
Point 56750 of 149854: 	 log10(mass) -0.33 	 log10(U2) -9.6 		 Events: 0.00022
Point 57000 of 149854: 	 log10(mass) -0.32 	 log10(U2) -9.3 		 Events: 0.00088
Point 57250 of 149854: 	 log10(mass) -0.32 	 log10(U2) -8.9 		 Events: 0.0069
Point 57500 of 149854: 	 log10(mass) -0.32 	 log10(U2) -8.5 		 Events: 0.04
Point 57750 of 149854: 	 log10(mass) -0.32 	 log10(U2) -8.1 		 Events: 0.2
Point 58000 of 149854: 	 log10(mass) -0.31 	 log10(U2) -7.7 		 Events: 1.5
Point 58250 of 149854: 	 log10(mass) -0.31 	 log10(U2) -7.3 		 Events: 9.0
Point 58500 of 149854: 	 log10(mass) -0.31 	 log10(U2) -7.0 		 Events: 53.0
Point 58750 of 149854: 	 log10(mass) -0.31 	 log10(U2) -6.6 		 Events: 240.0
Point 59000 of 149854: 	 log10(mass) -0.31 	 log10(U2) -6.2 		 Events: 1600.0
Point 59250 of 149854: 	 log10(mass) -0.3 	 log10(U2) -9.5 		 Events: 0.00059
Point 59500 of 149854: 	 log10(mass) -0.3 	 log10(U2) -9.1 		 Events: 0.0028
Point 59750 of 149854: 	 log10(mass) -0.3 	 log10(U2) -8.8 		 Events: 0.015
Point 60000 of 149854: 	 log10(mass) -0.29 	 log10(U2) -8.4 		 Events: 0.053
Point 60250 of 149854: 	 log10(mass) -0.29 	 log10(U2) -8.1 		 Events: 0.35
Point 60500 of 149854: 	 log10(mass) -0.29 	 log10(U2) -7.7 		 Events: 2.2
Point 60750 of 149854: 	 log10(mass) -0.29 	 log10(U2) -7.4 		 Events: 8.4
Point 61000 of 149854: 	 log10(mass) -0.28 	 log10(U2) -7.0 		 Events: 39.0
Point 61250 of 149854: 	 log10(mass) -0.28 	 log10(U2) -6.7 		 Events: 250.0
Point 61500 of 149854: 	 log10(mass) -0.28 	 log10(U2) -6.3 		 Events: 1200.0
Point 61750 of 149854: 	 log10(mass) -0.27 	 log10(U2) -9.7 		 Events: 0.00023
Point 62000 of 149854: 	 log10(mass) -0.27 	 log10(U2) -9.3 		 Events: 0.0011
Point 62250 of 149854: 	 log10(mass) -0.27 	 log10(U2) -9.0 		 Events: 0.0049
Point 62500 of 149854: 	 log10(mass) -0.27 	 log10(U2) -8.7 		 Events: 0.029
Point 62750 of 149854: 	 log10(mass) -0.26 	 log10(U2) -8.4 		 Events: 0.09
Point 63000 of 149854: 	 log10(mass) -0.26 	 log10(U2) -8.0 		 Events: 0.7
Point 63250 of 149854: 	 log10(mass) -0.26 	 log10(U2) -7.7 		 Events: 2.6
Point 63500 of 149854: 	 log10(mass) -0.26 	 log10(U2) -7.4 		 Events: 10.0
Point 63750 of 149854: 	 log10(mass) -0.26 	 log10(U2) -7.1 		 Events: 52.0
Point 64000 of 149854: 	 log10(mass) -0.25 	 log10(U2) -6.8 		 Events: 190.0
Point 64250 of 149854: 	 log10(mass) -0.25 	 log10(U2) -6.5 		 Events: 930.0
Point 64500 of 149854: 	 log10(mass) -0.25 	 log10(U2) -9.9 		 Events: 0.00017
Point 64750 of 149854: 	 log10(mass) -0.24 	 log10(U2) -9.6 		 Events: 0.00041
Point 65000 of 149854: 	 log10(mass) -0.24 	 log10(U2) -9.3 		 Events: 0.0024
Point 65250 of 149854: 	 log10(mass) -0.24 	 log10(U2) -9.0 		 Events: 0.0092
Point 65500 of 149854: 	 log10(mass) -0.24 	 log10(U2) -8.7 		 Events: 0.037
Point 65750 of 149854: 	 log10(mass) -0.23 	 log10(U2) -8.4 		 Events: 0.14
Point 66000 of 149854: 	 log10(mass) -0.23 	 log10(U2) -8.1 		 Events: 0.44
Point 66250 of 149854: 	 log10(mass) -0.23 	 log10(U2) -7.8 		 Events: 1.6
Point 66500 of 149854: 	 log10(mass) -0.23 	 log10(U2) -7.5 		 Events: 7.2
Point 66750 of 149854: 	 log10(mass) -0.22 	 log10(U2) -7.3 		 Events: 30.0
Point 67000 of 149854: 	 log10(mass) -0.22 	 log10(U2) -7.0 		 Events: 110.0
Point 67250 of 149854: 	 log10(mass) -0.22 	 log10(U2) -6.7 		 Events: 340.0
Point 67500 of 149854: 	 log10(mass) -0.22 	 log10(U2) -6.5 		 Events: 1200.0
Point 67750 of 149854: 	 log10(mass) -0.21 	 log10(U2) -9.9 		 Events: 0.00013
Point 68000 of 149854: 	 log10(mass) -0.21 	 log10(U2) -9.7 		 Events: 0.00051
Point 68250 of 149854: 	 log10(mass) -0.21 	 log10(U2) -9.4 		 Events: 0.0018
Point 68500 of 149854: 	 log10(mass) -0.21 	 log10(U2) -9.2 		 Events: 0.0063
Point 68750 of 149854: 	 log10(mass) -0.2 	 log10(U2) -8.9 		 Events: 0.018
Point 69000 of 149854: 	 log10(mass) -0.2 	 log10(U2) -8.6 		 Events: 0.055
Point 69250 of 149854: 	 log10(mass) -0.2 	 log10(U2) -8.4 		 Events: 0.2
Point 69500 of 149854: 	 log10(mass) -0.2 	 log10(U2) -8.2 		 Events: 0.59
Point 69750 of 149854: 	 log10(mass) -0.19 	 log10(U2) -7.9 		 Events: 1.8
Point 70000 of 149854: 	 log10(mass) -0.19 	 log10(U2) -7.7 		 Events: 5.8
Point 70250 of 149854: 	 log10(mass) -0.19 	 log10(U2) -7.4 		 Events: 22.0
Point 70500 of 149854: 	 log10(mass) -0.19 	 log10(U2) -7.2 		 Events: 61.0
Point 70750 of 149854: 	 log10(mass) -0.18 	 log10(U2) -6.9 		 Events: 180.0
Point 71000 of 149854: 	 log10(mass) -0.18 	 log10(U2) -6.7 		 Events: 470.0
Point 71250 of 149854: 	 log10(mass) -0.18 	 log10(U2) -10.0 		 Events: 6.5e-05
Point 71500 of 149854: 	 log10(mass) -0.17 	 log10(U2) -10.0 		 Events: 9.9e-05
Point 71750 of 149854: 	 log10(mass) -0.17 	 log10(U2) -9.8 		 Events: 0.00029
Point 72000 of 149854: 	 log10(mass) -0.17 	 log10(U2) -9.6 		 Events: 0.00085
Point 72250 of 149854: 	 log10(mass) -0.17 	 log10(U2) -9.4 		 Events: 0.0025
Point 72500 of 149854: 	 log10(mass) -0.16 	 log10(U2) -9.2 		 Events: 0.0062
Point 72750 of 149854: 	 log10(mass) -0.16 	 log10(U2) -9.0 		 Events: 0.02
Point 73000 of 149854: 	 log10(mass) -0.16 	 log10(U2) -8.8 		 Events: 0.059
Point 73250 of 149854: 	 log10(mass) -0.16 	 log10(U2) -8.6 		 Events: 0.12
Point 73500 of 149854: 	 log10(mass) -0.16 	 log10(U2) -8.4 		 Events: 0.29
Point 73750 of 149854: 	 log10(mass) -0.15 	 log10(U2) -8.2 		 Events: 0.88
Point 74000 of 149854: 	 log10(mass) -0.15 	 log10(U2) -8.0 		 Events: 1.8
Point 74250 of 149854: 	 log10(mass) -0.15 	 log10(U2) -7.8 		 Events: 4.4
Point 74500 of 149854: 	 log10(mass) -0.15 	 log10(U2) -7.6 		 Events: 11.0
Point 74750 of 149854: 	 log10(mass) -0.14 	 log10(U2) -7.4 		 Events: 35.0
Point 75000 of 149854: 	 log10(mass) -0.14 	 log10(U2) -7.3 		 Events: 63.0
Point 75250 of 149854: 	 log10(mass) -0.14 	 log10(U2) -7.1 		 Events: 180.0
Point 75500 of 149854: 	 log10(mass) -0.14 	 log10(U2) -6.9 		 Events: 440.0
Point 75750 of 149854: 	 log10(mass) -0.13 	 log10(U2) -6.7 		 Events: 1200.0
Point 76000 of 149854: 	 log10(mass) -0.13 	 log10(U2) -10.0 		 Events: 5.6e-05
Point 76250 of 149854: 	 log10(mass) -0.13 	 log10(U2) -10.0 		 Events: 6.7e-05
Point 76500 of 149854: 	 log10(mass) -0.12 	 log10(U2) -10.0 		 Events: 0.00021
Point 76750 of 149854: 	 log10(mass) -0.12 	 log10(U2) -9.9 		 Events: 0.00055
Point 77000 of 149854: 	 log10(mass) -0.12 	 log10(U2) -9.7 		 Events: 0.0012
Point 77250 of 149854: 	 log10(mass) -0.12 	 log10(U2) -9.6 		 Events: 0.002
Point 77500 of 149854: 	 log10(mass) -0.11 	 log10(U2) -9.4 		 Events: 0.0043
Point 77750 of 149854: 	 log10(mass) -0.11 	 log10(U2) -9.3 		 Events: 0.0067
Point 78000 of 149854: 	 log10(mass) -0.11 	 log10(U2) -9.1 		 Events: 0.018
Point 78250 of 149854: 	 log10(mass) -0.11 	 log10(U2) -9.0 		 Events: 0.034
Point 78500 of 149854: 	 log10(mass) -0.11 	 log10(U2) -8.8 		 Events: 0.068
Point 78750 of 149854: 	 log10(mass) -0.1 	 log10(U2) -8.7 		 Events: 0.15
Point 79000 of 149854: 	 log10(mass) -0.1 	 log10(U2) -8.5 		 Events: 0.25
Point 79250 of 149854: 	 log10(mass) -0.098 	 log10(U2) -8.4 		 Events: 0.63
Point 79500 of 149854: 	 log10(mass) -0.096 	 log10(U2) -8.3 		 Events: 0.96
Point 79750 of 149854: 	 log10(mass) -0.093 	 log10(U2) -8.1 		 Events: 2.0
Point 80000 of 149854: 	 log10(mass) -0.091 	 log10(U2) -8.0 		 Events: 3.6
Point 80250 of 149854: 	 log10(mass) -0.089 	 log10(U2) -7.9 		 Events: 4.3
Point 80500 of 149854: 	 log10(mass) -0.086 	 log10(U2) -7.8 		 Events: 11.0
Point 80750 of 149854: 	 log10(mass) -0.084 	 log10(U2) -7.6 		 Events: 22.0
Point 81000 of 149854: 	 log10(mass) -0.081 	 log10(U2) -7.5 		 Events: 31.0
Point 81250 of 149854: 	 log10(mass) -0.079 	 log10(U2) -7.4 		 Events: 56.0
Point 81500 of 149854: 	 log10(mass) -0.077 	 log10(U2) -7.3 		 Events: 84.0
Point 81750 of 149854: 	 log10(mass) -0.074 	 log10(U2) -7.2 		 Events: 170.0
Point 82000 of 149854: 	 log10(mass) -0.072 	 log10(U2) -7.1 		 Events: 280.0
Point 82250 of 149854: 	 log10(mass) -0.07 	 log10(U2) -7.0 		 Events: 530.0
Point 82500 of 149854: 	 log10(mass) -0.067 	 log10(U2) -6.9 		 Events: 790.0
Point 82750 of 149854: 	 log10(mass) -0.062 	 log10(U2) -11.0 		 Events: 2.2e-05
Point 83000 of 149854: 	 log10(mass) -0.06 	 log10(U2) -11.0 		 Events: 3.5e-05
Point 83250 of 149854: 	 log10(mass) -0.058 	 log10(U2) -10.0 		 Events: 5.5e-05
Point 83500 of 149854: 	 log10(mass) -0.055 	 log10(U2) -10.0 		 Events: 6.6e-05
Point 83750 of 149854: 	 log10(mass) -0.053 	 log10(U2) -10.0 		 Events: 0.00011
Point 84000 of 149854: 	 log10(mass) -0.051 	 log10(U2) -10.0 		 Events: 0.00013
Point 84250 of 149854: 	 log10(mass) -0.048 	 log10(U2) -10.0 		 Events: 0.00028
Point 84500 of 149854: 	 log10(mass) -0.046 	 log10(U2) -10.0 		 Events: 0.00033
Point 84750 of 149854: 	 log10(mass) -0.043 	 log10(U2) -10.0 		 Events: 0.00047
Point 85000 of 149854: 	 log10(mass) -0.041 	 log10(U2) -9.9 		 Events: 0.00089
Point 85250 of 149854: 	 log10(mass) -0.039 	 log10(U2) -9.9 		 Events: 0.00087
Point 85500 of 149854: 	 log10(mass) -0.036 	 log10(U2) -9.8 		 Events: 0.0014
Point 85750 of 149854: 	 log10(mass) -0.034 	 log10(U2) -9.8 		 Events: 0.0023
Point 86000 of 149854: 	 log10(mass) -0.032 	 log10(U2) -9.7 		 Events: 0.0028
Point 86250 of 149854: 	 log10(mass) -0.029 	 log10(U2) -9.6 		 Events: 0.0044
Point 86500 of 149854: 	 log10(mass) -0.027 	 log10(U2) -9.6 		 Events: 0.0061
Point 86750 of 149854: 	 log10(mass) -0.024 	 log10(U2) -9.5 		 Events: 0.0072
Point 87000 of 149854: 	 log10(mass) -0.022 	 log10(U2) -9.5 		 Events: 0.0088
Point 87250 of 149854: 	 log10(mass) -0.02 	 log10(U2) -9.4 		 Events: 0.014
Point 87500 of 149854: 	 log10(mass) -0.017 	 log10(U2) -9.4 		 Events: 0.014
Point 87750 of 149854: 	 log10(mass) -0.015 	 log10(U2) -9.4 		 Events: 0.021
Point 88000 of 149854: 	 log10(mass) -0.012 	 log10(U2) -9.3 		 Events: 0.026
Point 88250 of 149854: 	 log10(mass) -0.01 	 log10(U2) -9.3 		 Events: 0.03
Point 88500 of 149854: 	 log10(mass) -0.0077 	 log10(U2) -9.2 		 Events: 0.03
Point 88750 of 149854: 	 log10(mass) -0.0053 	 log10(U2) -9.2 		 Events: 0.03
Point 89000 of 149854: 	 log10(mass) -0.003 	 log10(U2) -9.2 		 Events: 0.041
Point 89250 of 149854: 	 log10(mass) -0.00058 	 log10(U2) -9.2 		 Events: 0.052
Point 89500 of 149854: 	 log10(mass) 0.0018 	 log10(U2) -9.1 		 Events: 0.063
Point 89750 of 149854: 	 log10(mass) 0.0042 	 log10(U2) -9.1 		 Events: 0.063
Point 90000 of 149854: 	 log10(mass) 0.0066 	 log10(U2) -9.1 		 Events: 0.086
Point 90250 of 149854: 	 log10(mass) 0.0089 	 log10(U2) -9.1 		 Events: 0.086
Point 90500 of 149854: 	 log10(mass) 0.011 	 log10(U2) -9.1 		 Events: 0.086
Point 90750 of 149854: 	 log10(mass) 0.014 	 log10(U2) -9.1 		 Events: 0.086
Point 91000 of 149854: 	 log10(mass) 0.016 	 log10(U2) -9.1 		 Events: 0.086
Point 91250 of 149854: 	 log10(mass) 0.018 	 log10(U2) -9.1 		 Events: 0.11
Point 91500 of 149854: 	 log10(mass) 0.021 	 log10(U2) -9.1 		 Events: 0.11
Point 91750 of 149854: 	 log10(mass) 0.023 	 log10(U2) -9.1 		 Events: 0.27
Point 92000 of 149854: 	 log10(mass) 0.026 	 log10(U2) -9.1 		 Events: 0.27
Point 92250 of 149854: 	 log10(mass) 0.028 	 log10(U2) -9.1 		 Events: 0.23
Point 92500 of 149854: 	 log10(mass) 0.03 	 log10(U2) -9.1 		 Events: 0.23
Point 92750 of 149854: 	 log10(mass) 0.033 	 log10(U2) -9.1 		 Events: 0.23
Point 93000 of 149854: 	 log10(mass) 0.035 	 log10(U2) -9.1 		 Events: 0.23
Point 93250 of 149854: 	 log10(mass) 0.037 	 log10(U2) -9.1 		 Events: 0.23
Point 93500 of 149854: 	 log10(mass) 0.04 	 log10(U2) -9.1 		 Events: 0.17
Point 93750 of 149854: 	 log10(mass) 0.042 	 log10(U2) -9.2 		 Events: 0.17
Point 94000 of 149854: 	 log10(mass) 0.045 	 log10(U2) -9.2 		 Events: 0.13
Point 94250 of 149854: 	 log10(mass) 0.047 	 log10(U2) -9.2 		 Events: 0.094
Point 94500 of 149854: 	 log10(mass) 0.049 	 log10(U2) -9.3 		 Events: 0.094
Point 94750 of 149854: 	 log10(mass) 0.052 	 log10(U2) -9.3 		 Events: 0.09
Point 95000 of 149854: 	 log10(mass) 0.054 	 log10(U2) -9.3 		 Events: 0.09
Point 95250 of 149854: 	 log10(mass) 0.057 	 log10(U2) -9.4 		 Events: 0.065
Point 95500 of 149854: 	 log10(mass) 0.059 	 log10(U2) -9.4 		 Events: 0.051
Point 95750 of 149854: 	 log10(mass) 0.061 	 log10(U2) -9.5 		 Events: 0.037
Point 96000 of 149854: 	 log10(mass) 0.064 	 log10(U2) -9.5 		 Events: 0.03
Point 96250 of 149854: 	 log10(mass) 0.066 	 log10(U2) -9.6 		 Events: 0.022
Point 96500 of 149854: 	 log10(mass) 0.068 	 log10(U2) -9.6 		 Events: 0.021
Point 96750 of 149854: 	 log10(mass) 0.071 	 log10(U2) -9.7 		 Events: 0.016
Point 97000 of 149854: 	 log10(mass) 0.073 	 log10(U2) -9.7 		 Events: 0.013
Point 97250 of 149854: 	 log10(mass) 0.076 	 log10(U2) -9.8 		 Events: 0.0098
Point 97500 of 149854: 	 log10(mass) 0.078 	 log10(U2) -9.9 		 Events: 0.0073
Point 97750 of 149854: 	 log10(mass) 0.08 	 log10(U2) -9.9 		 Events: 0.0039
Point 98000 of 149854: 	 log10(mass) 0.083 	 log10(U2) -10.0 		 Events: 0.0036
Point 98250 of 149854: 	 log10(mass) 0.085 	 log10(U2) -10.0 		 Events: 0.0025
Point 98500 of 149854: 	 log10(mass) 0.087 	 log10(U2) -10.0 		 Events: 0.0023
Point 98750 of 149854: 	 log10(mass) 0.09 	 log10(U2) -10.0 		 Events: 0.0012
Point 99000 of 149854: 	 log10(mass) 0.092 	 log10(U2) -10.0 		 Events: 0.00093
Point 99250 of 149854: 	 log10(mass) 0.095 	 log10(U2) -10.0 		 Events: 0.00063
Point 99500 of 149854: 	 log10(mass) 0.097 	 log10(U2) -10.0 		 Events: 0.00071
Point 99750 of 149854: 	 log10(mass) 0.099 	 log10(U2) -11.0 		 Events: 0.00042
Point 100000 of 149854: 	 log10(mass) 0.1 	 log10(U2) -11.0 		 Events: 0.00027
Point 100250 of 149854: 	 log10(mass) 0.1 	 log10(U2) -11.0 		 Events: 0.00021
Point 100500 of 149854: 	 log10(mass) 0.11 	 log10(U2) -11.0 		 Events: 0.00012
Point 100750 of 149854: 	 log10(mass) 0.11 	 log10(U2) -11.0 		 Events: 8e-05
Point 101000 of 149854: 	 log10(mass) 0.11 	 log10(U2) -11.0 		 Events: 4.9e-05
Point 101250 of 149854: 	 log10(mass) 0.11 	 log10(U2) -11.0 		 Events: 2.9e-05
Point 101500 of 149854: 	 log10(mass) 0.12 	 log10(U2) -11.0 		 Events: 2.2e-05
Point 101750 of 149854: 	 log10(mass) 0.12 	 log10(U2) -11.0 		 Events: 1.5e-05
Point 102000 of 149854: 	 log10(mass) 0.12 	 log10(U2) -11.0 		 Events: 1.1e-05
Point 102250 of 149854: 	 log10(mass) 0.12 	 log10(U2) -7.4 		 Events: 690.0
Point 102500 of 149854: 	 log10(mass) 0.12 	 log10(U2) -7.6 		 Events: 380.0
Point 102750 of 149854: 	 log10(mass) 0.13 	 log10(U2) -7.7 		 Events: 230.0
Point 103000 of 149854: 	 log10(mass) 0.13 	 log10(U2) -7.8 		 Events: 110.0
Point 103250 of 149854: 	 log10(mass) 0.13 	 log10(U2) -7.9 		 Events: 60.0
Point 103500 of 149854: 	 log10(mass) 0.13 	 log10(U2) -8.0 		 Events: 47.0
Point 103750 of 149854: 	 log10(mass) 0.14 	 log10(U2) -8.2 		 Events: 29.0
Point 104000 of 149854: 	 log10(mass) 0.14 	 log10(U2) -8.3 		 Events: 20.0
Point 104250 of 149854: 	 log10(mass) 0.14 	 log10(U2) -8.4 		 Events: 10.0
Point 104500 of 149854: 	 log10(mass) 0.14 	 log10(U2) -8.6 		 Events: 5.5
Point 104750 of 149854: 	 log10(mass) 0.14 	 log10(U2) -8.7 		 Events: 2.7
Point 105000 of 149854: 	 log10(mass) 0.15 	 log10(U2) -8.8 		 Events: 1.3
Point 105250 of 149854: 	 log10(mass) 0.15 	 log10(U2) -9.0 		 Events: 0.79
Point 105500 of 149854: 	 log10(mass) 0.15 	 log10(U2) -9.1 		 Events: 0.36
Point 105750 of 149854: 	 log10(mass) 0.15 	 log10(U2) -9.3 		 Events: 0.17
Point 106000 of 149854: 	 log10(mass) 0.16 	 log10(U2) -9.5 		 Events: 0.077
Point 106250 of 149854: 	 log10(mass) 0.16 	 log10(U2) -9.6 		 Events: 0.04
Point 106500 of 149854: 	 log10(mass) 0.16 	 log10(U2) -9.8 		 Events: 0.025
Point 106750 of 149854: 	 log10(mass) 0.16 	 log10(U2) -9.9 		 Events: 0.01
Point 107000 of 149854: 	 log10(mass) 0.17 	 log10(U2) -10.0 		 Events: 0.0065
Point 107250 of 149854: 	 log10(mass) 0.17 	 log10(U2) -10.0 		 Events: 0.0025
Point 107500 of 149854: 	 log10(mass) 0.17 	 log10(U2) -10.0 		 Events: 0.0013
Point 107750 of 149854: 	 log10(mass) 0.17 	 log10(U2) -11.0 		 Events: 0.00054
Point 108000 of 149854: 	 log10(mass) 0.18 	 log10(U2) -11.0 		 Events: 0.00026
Point 108250 of 149854: 	 log10(mass) 0.18 	 log10(U2) -11.0 		 Events: 0.00013
Point 108500 of 149854: 	 log10(mass) 0.18 	 log10(U2) -11.0 		 Events: 6.3e-05
Point 108750 of 149854: 	 log10(mass) 0.18 	 log10(U2) -11.0 		 Events: 3.1e-05
Point 109000 of 149854: 	 log10(mass) 0.19 	 log10(U2) -11.0 		 Events: 1.5e-05
Point 109250 of 149854: 	 log10(mass) 0.19 	 log10(U2) -12.0 		 Events: 8.7e-06
Point 109500 of 149854: 	 log10(mass) 0.19 	 log10(U2) -7.5 		 Events: 770.0
Point 109750 of 149854: 	 log10(mass) 0.19 	 log10(U2) -7.7 		 Events: 340.0
Point 110000 of 149854: 	 log10(mass) 0.19 	 log10(U2) -7.9 		 Events: 210.0
Point 110250 of 149854: 	 log10(mass) 0.19 	 log10(U2) -8.0 		 Events: 100.0
Point 110500 of 149854: 	 log10(mass) 0.2 	 log10(U2) -8.2 		 Events: 42.0
Point 110750 of 149854: 	 log10(mass) 0.2 	 log10(U2) -8.4 		 Events: 17.0
Point 111000 of 149854: 	 log10(mass) 0.2 	 log10(U2) -8.5 		 Events: 10.0
Point 111250 of 149854: 	 log10(mass) 0.2 	 log10(U2) -8.7 		 Events: 4.0
Point 111500 of 149854: 	 log10(mass) 0.21 	 log10(U2) -8.9 		 Events: 1.7
Point 111750 of 149854: 	 log10(mass) 0.21 	 log10(U2) -9.1 		 Events: 0.84
Point 112000 of 149854: 	 log10(mass) 0.21 	 log10(U2) -9.2 		 Events: 0.3
Point 112250 of 149854: 	 log10(mass) 0.21 	 log10(U2) -9.4 		 Events: 0.14
Point 112500 of 149854: 	 log10(mass) 0.22 	 log10(U2) -9.6 		 Events: 0.071
Point 112750 of 149854: 	 log10(mass) 0.22 	 log10(U2) -9.8 		 Events: 0.035
Point 113000 of 149854: 	 log10(mass) 0.22 	 log10(U2) -9.9 		 Events: 0.012
Point 113250 of 149854: 	 log10(mass) 0.22 	 log10(U2) -10.0 		 Events: 0.0043
Point 113500 of 149854: 	 log10(mass) 0.23 	 log10(U2) -10.0 		 Events: 0.0022
Point 113750 of 149854: 	 log10(mass) 0.23 	 log10(U2) -11.0 		 Events: 0.0008
Point 114000 of 149854: 	 log10(mass) 0.23 	 log10(U2) -11.0 		 Events: 0.00037
Point 114250 of 149854: 	 log10(mass) 0.23 	 log10(U2) -11.0 		 Events: 0.00015
Point 114500 of 149854: 	 log10(mass) 0.23 	 log10(U2) -11.0 		 Events: 5.1e-05
Point 114750 of 149854: 	 log10(mass) 0.23 	 log10(U2) -7.1 		 Events: 0.51
Point 115000 of 149854: 	 log10(mass) 0.24 	 log10(U2) -7.3 		 Events: 1600.0
Point 115250 of 149854: 	 log10(mass) 0.24 	 log10(U2) -7.5 		 Events: 790.0
Point 115500 of 149854: 	 log10(mass) 0.24 	 log10(U2) -7.7 		 Events: 410.0
Point 115750 of 149854: 	 log10(mass) 0.24 	 log10(U2) -7.9 		 Events: 96.0
Point 116000 of 149854: 	 log10(mass) 0.25 	 log10(U2) -8.1 		 Events: 45.0
Point 116250 of 149854: 	 log10(mass) 0.25 	 log10(U2) -8.3 		 Events: 16.0
Point 116500 of 149854: 	 log10(mass) 0.25 	 log10(U2) -8.5 		 Events: 5.6
Point 116750 of 149854: 	 log10(mass) 0.25 	 log10(U2) -8.8 		 Events: 2.1
Point 117000 of 149854: 	 log10(mass) 0.26 	 log10(U2) -9.0 		 Events: 0.87
Point 117250 of 149854: 	 log10(mass) 0.26 	 log10(U2) -9.2 		 Events: 0.28
Point 117500 of 149854: 	 log10(mass) 0.26 	 log10(U2) -9.4 		 Events: 0.1
Point 117750 of 149854: 	 log10(mass) 0.26 	 log10(U2) -9.6 		 Events: 0.044
Point 118000 of 149854: 	 log10(mass) 0.27 	 log10(U2) -9.9 		 Events: 0.016
Point 118250 of 149854: 	 log10(mass) 0.27 	 log10(U2) -10.0 		 Events: 4.8e-07
Point 118500 of 149854: 	 log10(mass) 0.27 	 log10(U2) -10.0 		 Events: 2e-07
Point 118750 of 149854: 	 log10(mass) 0.27 	 log10(U2) -11.0 		 Events: 6.1e-08
Point 119000 of 149854: 	 log10(mass) 0.28 	 log10(U2) -11.0 		 Events: 2.3e-08
Point 119250 of 149854: 	 log10(mass) 0.28 	 log10(U2) -6.8 		 Events: 2.9
Point 119500 of 149854: 	 log10(mass) 0.28 	 log10(U2) -7.0 		 Events: 0.6
Point 119750 of 149854: 	 log10(mass) 0.28 	 log10(U2) -7.3 		 Events: 0.24
Point 120000 of 149854: 	 log10(mass) 0.28 	 log10(U2) -7.5 		 Events: 0.069
Point 120250 of 149854: 	 log10(mass) 0.28 	 log10(U2) -7.8 		 Events: 0.026
Point 120500 of 149854: 	 log10(mass) 0.29 	 log10(U2) -8.0 		 Events: 0.0078
Point 120750 of 149854: 	 log10(mass) 0.29 	 log10(U2) -8.2 		 Events: 0.0024
Point 121000 of 149854: 	 log10(mass) 0.29 	 log10(U2) -8.5 		 Events: 0.0015
Point 121250 of 149854: 	 log10(mass) 0.29 	 log10(U2) -8.7 		 Events: 0.0005
Point 121500 of 149854: 	 log10(mass) 0.3 	 log10(U2) -9.0 		 Events: 0.00016
Point 121750 of 149854: 	 log10(mass) 0.3 	 log10(U2) -9.3 		 Events: 4e-05
Point 122000 of 149854: 	 log10(mass) 0.3 	 log10(U2) -9.5 		 Events: 1.3e-05
Point 122250 of 149854: 	 log10(mass) 0.3 	 log10(U2) -9.8 		 Events: 4.1e-06
Point 122500 of 149854: 	 log10(mass) 0.31 	 log10(U2) -10.0 		 Events: 1.3e-06
Point 122750 of 149854: 	 log10(mass) 0.31 	 log10(U2) -10.0 		 Events: 5e-07
Point 123000 of 149854: 	 log10(mass) 0.31 	 log10(U2) -11.0 		 Events: 1.4e-07
Point 123250 of 149854: 	 log10(mass) 0.31 	 log10(U2) -6.5 		 Events: 10.0
Point 123500 of 149854: 	 log10(mass) 0.31 	 log10(U2) -6.8 		 Events: 2.4
Point 123750 of 149854: 	 log10(mass) 0.32 	 log10(U2) -7.1 		 Events: 0.98
Point 124000 of 149854: 	 log10(mass) 0.32 	 log10(U2) -7.4 		 Events: 0.25
Point 124250 of 149854: 	 log10(mass) 0.32 	 log10(U2) -7.6 		 Events: 0.066
Point 124500 of 149854: 	 log10(mass) 0.32 	 log10(U2) -7.9 		 Events: 0.022
Point 124750 of 149854: 	 log10(mass) 0.33 	 log10(U2) -8.2 		 Events: 0.0065
Point 125000 of 149854: 	 log10(mass) 0.33 	 log10(U2) -8.5 		 Events: 0.0014
Point 125250 of 149854: 	 log10(mass) 0.33 	 log10(U2) -8.8 		 Events: 0.00041
Point 125500 of 149854: 	 log10(mass) 0.33 	 log10(U2) -9.1 		 Events: 0.00011
Point 125750 of 149854: 	 log10(mass) 0.33 	 log10(U2) -9.3 		 Events: 3.1e-05
Point 126000 of 149854: 	 log10(mass) 0.34 	 log10(U2) -9.6 		 Events: 6.9e-06
Point 126250 of 149854: 	 log10(mass) 0.34 	 log10(U2) -9.9 		 Events: 2e-06
Point 126500 of 149854: 	 log10(mass) 0.34 	 log10(U2) -10.0 		 Events: 5.6e-07
Point 126750 of 149854: 	 log10(mass) 0.34 	 log10(U2) -6.2 		 Events: 46.0
Point 127000 of 149854: 	 log10(mass) 0.34 	 log10(U2) -6.5 		 Events: 12.0
Point 127250 of 149854: 	 log10(mass) 0.35 	 log10(U2) -6.8 		 Events: 2.9
Point 127500 of 149854: 	 log10(mass) 0.35 	 log10(U2) -7.1 		 Events: 0.75
Point 127750 of 149854: 	 log10(mass) 0.35 	 log10(U2) -7.4 		 Events: 0.22
Point 128000 of 149854: 	 log10(mass) 0.35 	 log10(U2) -7.7 		 Events: 0.049
Point 128250 of 149854: 	 log10(mass) 0.36 	 log10(U2) -8.0 		 Events: 0.017
Point 128500 of 149854: 	 log10(mass) 0.36 	 log10(U2) -8.3 		 Events: 0.0036
Point 128750 of 149854: 	 log10(mass) 0.36 	 log10(U2) -8.6 		 Events: 0.00075
Point 129000 of 149854: 	 log10(mass) 0.36 	 log10(U2) -8.9 		 Events: 0.00016
Point 129250 of 149854: 	 log10(mass) 0.37 	 log10(U2) -9.2 		 Events: 4.7e-05
Point 129500 of 149854: 	 log10(mass) 0.37 	 log10(U2) -9.5 		 Events: 1e-05
Point 129750 of 149854: 	 log10(mass) 0.37 	 log10(U2) -9.8 		 Events: 2.6e-06
Point 130000 of 149854: 	 log10(mass) 0.37 	 log10(U2) -10.0 		 Events: 5.8e-07
Point 130250 of 149854: 	 log10(mass) 0.37 	 log10(U2) -6.1 		 Events: 46.0
Point 130500 of 149854: 	 log10(mass) 0.38 	 log10(U2) -6.5 		 Events: 12.0
Point 130750 of 149854: 	 log10(mass) 0.38 	 log10(U2) -6.8 		 Events: 3.1
Point 131000 of 149854: 	 log10(mass) 0.38 	 log10(U2) -7.1 		 Events: 0.74
Point 131250 of 149854: 	 log10(mass) 0.38 	 log10(U2) -7.4 		 Events: 0.19
Point 131500 of 149854: 	 log10(mass) 0.38 	 log10(U2) -7.8 		 Events: 0.038
Point 131750 of 149854: 	 log10(mass) 0.39 	 log10(U2) -8.1 		 Events: 0.0073
Point 132000 of 149854: 	 log10(mass) 0.39 	 log10(U2) -8.4 		 Events: 0.0017
Point 132250 of 149854: 	 log10(mass) 0.39 	 log10(U2) -8.8 		 Events: 0.00032
Point 132500 of 149854: 	 log10(mass) 0.39 	 log10(U2) -9.1 		 Events: 5.7e-05
Point 132750 of 149854: 	 log10(mass) 0.4 	 log10(U2) -9.5 		 Events: 1.3e-05
Point 133000 of 149854: 	 log10(mass) 0.4 	 log10(U2) -9.8 		 Events: 3.1e-06
Point 133250 of 149854: 	 log10(mass) 0.4 	 log10(U2) -5.8 		 Events: 200.0
Point 133500 of 149854: 	 log10(mass) 0.4 	 log10(U2) -6.1 		 Events: 49.0
Point 133750 of 149854: 	 log10(mass) 0.4 	 log10(U2) -6.5 		 Events: 12.0
Point 134000 of 149854: 	 log10(mass) 0.41 	 log10(U2) -6.8 		 Events: 2.2
Point 134250 of 149854: 	 log10(mass) 0.41 	 log10(U2) -7.2 		 Events: 0.68
Point 134500 of 149854: 	 log10(mass) 0.41 	 log10(U2) -7.5 		 Events: 0.12
Point 134750 of 149854: 	 log10(mass) 0.41 	 log10(U2) -7.9 		 Events: 0.028
Point 135000 of 149854: 	 log10(mass) 0.42 	 log10(U2) -8.2 		 Events: 0.0042
Point 135250 of 149854: 	 log10(mass) 0.42 	 log10(U2) -8.6 		 Events: 0.00089
Point 135500 of 149854: 	 log10(mass) 0.42 	 log10(U2) -8.9 		 Events: 0.00019
Point 135750 of 149854: 	 log10(mass) 0.42 	 log10(U2) -9.3 		 Events: 3.3e-05
Point 136000 of 149854: 	 log10(mass) 0.43 	 log10(U2) -9.7 		 Events: 5.6e-06
Point 136250 of 149854: 	 log10(mass) 0.43 	 log10(U2) -5.7 		 Events: 340.0
Point 136500 of 149854: 	 log10(mass) 0.43 	 log10(U2) -6.0 		 Events: 81.0
Point 136750 of 149854: 	 log10(mass) 0.43 	 log10(U2) -6.4 		 Events: 24.0
Point 137000 of 149854: 	 log10(mass) 0.43 	 log10(U2) -6.8 		 Events: 3.5
Point 137250 of 149854: 	 log10(mass) 0.43 	 log10(U2) -7.1 		 Events: 0.79
Point 137500 of 149854: 	 log10(mass) 0.44 	 log10(U2) -7.5 		 Events: 0.12
Point 137750 of 149854: 	 log10(mass) 0.44 	 log10(U2) -7.9 		 Events: 0.023
Point 138000 of 149854: 	 log10(mass) 0.44 	 log10(U2) -8.2 		 Events: 0.0042
Point 138250 of 149854: 	 log10(mass) 0.44 	 log10(U2) -8.6 		 Events: 0.00066
Point 138500 of 149854: 	 log10(mass) 0.45 	 log10(U2) -9.0 		 Events: 0.00012
Point 138750 of 149854: 	 log10(mass) 0.45 	 log10(U2) -9.4 		 Events: 2.3e-05
Point 139000 of 149854: 	 log10(mass) 0.45 	 log10(U2) -5.4 		 Events: 430.0
Point 139250 of 149854: 	 log10(mass) 0.45 	 log10(U2) -5.8 		 Events: 200.0
Point 139500 of 149854: 	 log10(mass) 0.45 	 log10(U2) -6.2 		 Events: 44.0
Point 139750 of 149854: 	 log10(mass) 0.46 	 log10(U2) -6.5 		 Events: 9.4
Point 140000 of 149854: 	 log10(mass) 0.46 	 log10(U2) -6.9 		 Events: 1.9
Point 140250 of 149854: 	 log10(mass) 0.46 	 log10(U2) -7.3 		 Events: 0.35
Point 140500 of 149854: 	 log10(mass) 0.46 	 log10(U2) -7.7 		 Events: 0.052
Point 140750 of 149854: 	 log10(mass) 0.47 	 log10(U2) -8.1 		 Events: 0.0093
Point 141000 of 149854: 	 log10(mass) 0.47 	 log10(U2) -8.6 		 Events: 0.0013
Point 141250 of 149854: 	 log10(mass) 0.47 	 log10(U2) -9.0 		 Events: 0.00021
Point 141500 of 149854: 	 log10(mass) 0.47 	 log10(U2) -9.4 		 Events: 3.8e-05
Point 141750 of 149854: 	 log10(mass) 0.47 	 log10(U2) -5.3 		 Events: 300.0
Point 142000 of 149854: 	 log10(mass) 0.48 	 log10(U2) -5.7 		 Events: 86.0
Point 142250 of 149854: 	 log10(mass) 0.48 	 log10(U2) -6.2 		 Events: 45.0
Point 142500 of 149854: 	 log10(mass) 0.48 	 log10(U2) -6.6 		 Events: 11.0
Point 142750 of 149854: 	 log10(mass) 0.48 	 log10(U2) -7.0 		 Events: 1.9
Point 143000 of 149854: 	 log10(mass) 0.48 	 log10(U2) -7.4 		 Events: 0.35
Point 143250 of 149854: 	 log10(mass) 0.49 	 log10(U2) -7.8 		 Events: 0.054
Point 143500 of 149854: 	 log10(mass) 0.49 	 log10(U2) -8.2 		 Events: 0.0065
Point 143750 of 149854: 	 log10(mass) 0.49 	 log10(U2) -8.7 		 Events: 0.0013
Point 144000 of 149854: 	 log10(mass) 0.49 	 log10(U2) -9.1 		 Events: 0.0002
Point 144250 of 149854: 	 log10(mass) 0.49 	 log10(U2) -5.1 		 Events: 140.0
Point 144500 of 149854: 	 log10(mass) 0.5 	 log10(U2) -5.5 		 Events: 220.0
Point 144750 of 149854: 	 log10(mass) 0.5 	 log10(U2) -5.9 		 Events: 110.0
Point 145000 of 149854: 	 log10(mass) 0.5 	 log10(U2) -6.4 		 Events: 34.0
Point 145250 of 149854: 	 log10(mass) 0.5 	 log10(U2) -6.8 		 Events: 6.0
Point 145500 of 149854: 	 log10(mass) 0.51 	 log10(U2) -7.2 		 Events: 0.73
Point 145750 of 149854: 	 log10(mass) 0.51 	 log10(U2) -7.7 		 Events: 0.12
Point 146000 of 149854: 	 log10(mass) 0.51 	 log10(U2) -8.1 		 Events: 0.016
Point 146250 of 149854: 	 log10(mass) 0.51 	 log10(U2) -8.6 		 Events: 0.002
Point 146500 of 149854: 	 log10(mass) 0.52 	 log10(U2) -9.0 		 Events: 0.00029
Point 146750 of 149854: 	 log10(mass) 0.52 	 log10(U2) -5.0 		 Events: 45.0
Point 147000 of 149854: 	 log10(mass) 0.52 	 log10(U2) -5.4 		 Events: 150.0
Point 147250 of 149854: 	 log10(mass) 0.52 	 log10(U2) -5.9 		 Events: 110.0
Point 147500 of 149854: 	 log10(mass) 0.52 	 log10(U2) -6.3 		 Events: 34.0
Point 147750 of 149854: 	 log10(mass) 0.53 	 log10(U2) -6.8 		 Events: 6.0
Point 148000 of 149854: 	 log10(mass) 0.53 	 log10(U2) -7.3 		 Events: 0.73
Point 148250 of 149854: 	 log10(mass) 0.53 	 log10(U2) -7.7 		 Events: 0.12
Point 148500 of 149854: 	 log10(mass) 0.53 	 log10(U2) -8.2 		 Events: 0.013
Point 148750 of 149854: 	 log10(mass) 0.53 	 log10(U2) -8.6 		 Events: 0.0019
Point 149000 of 149854: 	 log10(mass) 0.53 	 log10(U2) -4.6 		 Events: 0.00045
Point 149250 of 149854: 	 log10(mass) 0.54 	 log10(U2) -5.1 		 Events: 29.0
Point 149500 of 149854: 	 log10(mass) 0.54 	 log10(U2) -5.5 		 Events: 79.0
Point 149750 of 149854: 	 log10(mass) 0.54 	 log10(U2) -6.0 		 Events: 64.0
